C51 COMPILER V9.54   2048SJK                                                               12/22/2017 14:02:56 PAGE 1   


C51 COMPILER V9.54, COMPILATION OF MODULE 2048SJK
OBJECT MODULE PLACED IN 2048SJK.OBJ
COMPILER INVOKED BY: D:\K5\MAIN\C51\BIN\C51.EXE 2048SJK.c LARGE OPTIMIZE(8,SPEED) BROWSE DEBUG OBJECTEXTEND TABS(2)

line level    source

   1          #include"2048SJK.h"
   2          
   3          /*图形数组 阴码 行列式 逆向
   4          数组尺寸可任意 调用绘制图形函数时 填对应参数即可*/
   5          
   6          code uchar t_mnu_0[] = { 0x1C, 0x22, 0x22, 0x22, 0x22, 0x22, 0x1C };/*"未命名文件",0*/
   7          code uchar t_mnu_1[] = { 0x08, 0x0C, 0x08, 0x08, 0x08, 0x08, 0x1C };/*"未命名文件",1*/
   8          code uchar t_mnu_2[] = { 0x0C, 0x12, 0x10, 0x08, 0x04, 0x02, 0x1E };/*"未命名文件",2*/
   9          code uchar t_mnu_3[] = { 0x1C, 0x22, 0x20, 0x1C, 0x20, 0x22, 0x1C };/*"未命名文件",3*/
  10          code uchar t_mnu_4[] = { 0x08, 0x0C, 0x0A, 0x0A, 0x3F, 0x08, 0x08 };/*"未命名文件",4*/
  11          code uchar t_mnu_5[] = { 0x3C, 0x04, 0x04, 0x1C, 0x20, 0x20, 0x1C };/*"未命名文件",5*/
  12          code uchar t_mnu_6[] = { 0x1C, 0x22, 0x02, 0x1E, 0x22, 0x22, 0x1C };/*"未命名文件",6*/
  13          code uchar t_mnu_7[] = { 0x3E, 0x20, 0x10, 0x08, 0x08, 0x08, 0x08 };/*"未命名文件",7*/
  14          code uchar t_mnu_8[] = { 0x1C, 0x22, 0x22, 0x1C, 0x22, 0x22, 0x1C };/*"未命名文件",8*/
  15          code uchar t_mnu_9[] = { 0x1C, 0x22, 0x22, 0x3E, 0x20, 0x22, 0x1C };/*"未命名文件",9*/
  16          code uchar t_mnut_up[] = { 0x08, 0x1C, 0x3E, 0x7F, 0x1C, 0x1C, 0x1C };/*"未命名文件",up*/
  17          code uchar t_mnut_upf[] = { 0x1C, 0x1C, 0x1C, 0x7F, 0x3E, 0x1C, 0x08 };/*"未命名文件",upf*/
  18          code uchar t_mnut_l[] = { 0x08, 0x0C, 0xFE, 0xFF, 0xFE, 0x0C, 0x08 };/*"未命名文件",l<-*/
  19          
  20          code uchar yu[] = {
  21            0x40, 0x80, 0xFE, 0x02, 0x01, 0xFC, 0x80, 0x80,
  22            0x80, 0xFF, 0x80, 0x80, 0x80, 0x80, 0xA0, 0x40,
  23            0x00, 0x00, 0x7F, 0x40, 0x20, 0x1F, 0x00, 0x00,
  24            0x00, 0x7F, 0x00, 0x00, 0x00, 0x00, 0x00, 0x00 };/*宇 16X2*/
  25          code uchar jb_t_1[] = { 0xFF, 0x01, 0x01, 0x01, 0x01, 0x01, 0x01, 0x01, 
  26          0x01, 0x01, 0xFF, 0x07, 0x04, 0x04, 0x04, 0x04 ,
  27           0x04, 0x04, 0x04, 0x04, 0x04, 0x07 };
  28          


MODULE INFORMATION:   STATIC OVERLAYABLE
   CODE SIZE        =   ----    ----
   CONSTANT SIZE    =    145    ----
   XDATA SIZE       =   ----    ----
   PDATA SIZE       =   ----    ----
   DATA SIZE        =   ----    ----
   IDATA SIZE       =   ----    ----
   BIT SIZE         =   ----    ----
END OF MODULE INFORMATION.


C51 COMPILATION COMPLETE.  0 WARNING(S),  0 ERROR(S)
