C51 COMPILER V9.54   2048JGT                                                               12/22/2017 14:02:54 PAGE 1   


C51 COMPILER V9.54, COMPILATION OF MODULE 2048JGT
OBJECT MODULE PLACED IN 2048JGT.OBJ
COMPILER INVOKED BY: D:\K5\MAIN\C51\BIN\C51.EXE 2048JGT.c LARGE OPTIMIZE(8,SPEED) BROWSE DEBUG OBJECTEXTEND TABS(2)

line level    source

   1          #include"to2048moni.h"
   2          
   3          int main()
   4          { 
   5   1      P0M0 = 0;
   6   1      P0M1 = 0;
   7   1      P1M0 = 0;
   8   1      P1M1 = 0;
   9   1      P2M0 = 0;
  10   1      P2M1 = 0;
  11   1      P3M0 = 0;
  12   1      P3M1 = 0;
  13   1      S1 = 1;
  14   1      S2 = 1;
  15   1      S3 = 1;
  16   1      S4 = 1;
  17   1        while (1)
  18   1        {
  19   2      
  20   2      
  21   2          
  22   2      //???
  23   2          Main_Xiaoxi();
  24   2          
  25   2      //??
  26   2          if (jianchajiemian(J_Z))
  27   2          {
  28   3            MainPing_D(chaxunjiemian(J_Z));
  29   3            shuaxin();
  30   3          }
  31   2      //?????
  32   2           
  33   2          while (jiancexiaoxi())
  34   2            MainPing_Z(chaxunjiemian(J_Z),tanchuxiaoxi(),chaxunjiaodian_A());
  35   2          //??? 
  36   2          MainPing_FY_ONE(chaxunjiemian(J_Z), chaxunjiaodian_A());
  37   2      
  38   2          if (chaxunzhuangtaibiao(0))
  39   2            MainPing_F_ONE();
  40   2      
  41   2          shuaxin();
  42   2      
  43   2          if (chaxunzhuangtaibiao(0))
  44   2            MainPing_F_END();
  45   2      
  46   2          MainPing_FY_END(chaxunjiemian(J_Z), chaxunjiaodian_A());
  47   2        }
  48   1      
  49   1      
  50   1      }
  51          
  52          void MainPing_F_ONE()
  53          {  
  54   1        huizhijd_ONE(&JDA_Z,JDA_Z_1,JDA_Z_2);
*** WARNING C182 IN LINE 54 OF 2048JGT.c: pointer to different objects
C51 COMPILER V9.54   2048JGT                                                               12/22/2017 14:02:54 PAGE 2   

*** WARNING C182 IN LINE 54 OF 2048JGT.c: pointer to different objects
  55   1        huizhijiaodian(&JDA_Z,SE_CHENGFAN);
  56   1      }
  57          void MainPing_F_END()
  58          {
  59   1        huizhijd_END(&JDA_Z, JDA_Z_1, JDA_Z_2);
*** WARNING C182 IN LINE 59 OF 2048JGT.c: pointer to different objects
*** WARNING C182 IN LINE 59 OF 2048JGT.c: pointer to different objects
  60   1      }


MODULE INFORMATION:   STATIC OVERLAYABLE
   CODE SIZE        =    227    ----
   CONSTANT SIZE    =   ----    ----
   XDATA SIZE       =   ----    ----
   PDATA SIZE       =   ----    ----
   DATA SIZE        =   ----    ----
   IDATA SIZE       =   ----    ----
   BIT SIZE         =   ----    ----
END OF MODULE INFORMATION.


C51 COMPILATION COMPLETE.  4 WARNING(S),  0 ERROR(S)
