C51 COMPILER V9.54   2048JDAPI                                                             12/22/2017 14:02:53 PAGE 1   


C51 COMPILER V9.54, COMPILATION OF MODULE 2048JDAPI
OBJECT MODULE PLACED IN 2048JDAPI.OBJ
COMPILER INVOKED BY: D:\K5\MAIN\C51\BIN\C51.EXE 2048JDAPI.c LARGE OPTIMIZE(8,SPEED) BROWSE DEBUG OBJECTEXTEND TABS(2)

line level    source

   1          #include"to2048moni.h"
   2          extern void huizhicachu(uchar(*huanchong)[MAXH][MAXW / 8], char x, char y, uchar(*temp)[], char h, char w)
             -;
   3          extern void huizhihuizhi(uchar(*huanchong)[MAXH][MAXW / 8], char x, char y, uchar(*temp)[], char h, char w
             -);
   4          extern void huizhiqufan(uchar(*huanchong)[MAXH][MAXW / 8], char x, char y, uchar(*temp)[], char h, char w)
             -;
   5          JIAODIANS _jiaodianA = { _jdA_1, 3, 1, 3, 3, 4, 4, -1, -1 };//1号焦点
   6          uchar _jdA_1[] = { 0x00, 0x06, 0x02 };
   7          uchar _jdA_2[] = { 0x02, 0x07, 0x02 };
   8          uchar _jdA_lv[3];
   9          uchar _jdA_hong[3];
  10          
  11          //查询1号焦点坐标,由系统自动调用
  12          uint chaxunjiaodian_A()
  13          {
  14   1        uint a = 0;
  15   1        a |= _jiaodianA.x<<8;
  16   1        a |= _jiaodianA.y;
  17   1      
  18   1        return a;
  19   1      }
  20          
  21          
  22          
  23          //查询1号焦点坐标
  24          void chaxunjiaodianA(ZJIAODIANS temp)
  25          {
  26   1        temp->x = _jiaodianA.x;
  27   1        temp->y = _jiaodianA.y;
  28   1      }
  29          
  30          //显示焦点
  31          void huizhijiaodian(ZJIAODIANS temp,uchar se)
  32          {
  33   1        //处理画笔颜色信息
  34   1        switch (se)
  35   1        {
  36   2        case 8:
  37   2      
  38   2          huizhiqufan(huanchonghong, temp->xi, temp->yi, temp->ysi, temp->h, temp->w);
*** WARNING C182 IN LINE 38 OF 2048JDAPI.c: pointer to different objects
  39   2          huizhiqufan(huanchonglv, temp->xi, temp->yi, temp->ysi, temp->h, temp->w);
*** WARNING C182 IN LINE 39 OF 2048JDAPI.c: pointer to different objects
  40   2          break;
  41   2      
  42   2        case 0:
  43   2          huizhicachu(huanchonghong, temp->xi, temp->yi, temp->ysi, temp->h, temp->w);
*** WARNING C182 IN LINE 43 OF 2048JDAPI.c: pointer to different objects
  44   2          huizhihuizhi(huanchonglv, temp->xi, temp->yi, temp->ysi, temp->h, temp->w);
*** WARNING C182 IN LINE 44 OF 2048JDAPI.c: pointer to different objects
  45   2          break;
  46   2      
  47   2        case 1:
  48   2      
C51 COMPILER V9.54   2048JDAPI                                                             12/22/2017 14:02:53 PAGE 2   

  49   2          huizhihuizhi(huanchonghong, temp->xi, temp->yi, temp->ysi, temp->h, temp->w);
*** WARNING C182 IN LINE 49 OF 2048JDAPI.c: pointer to different objects
  50   2          huizhicachu(huanchonglv, temp->xi, temp->yi, temp->ysi, temp->h, temp->w);
*** WARNING C182 IN LINE 50 OF 2048JDAPI.c: pointer to different objects
  51   2          break;
  52   2        case 3:
  53   2      
  54   2          huizhihuizhi(huanchonghong, temp->xi, temp->yi, temp->ysi, temp->h, temp->w);
*** WARNING C182 IN LINE 54 OF 2048JDAPI.c: pointer to different objects
  55   2          huizhihuizhi(huanchonglv, temp->xi, temp->yi, temp->ysi, temp->h, temp->w);
*** WARNING C182 IN LINE 55 OF 2048JDAPI.c: pointer to different objects
  56   2          break;
  57   2        case 4:
  58   2      
  59   2          huizhihuizhi(huanchonglv, temp->xi, temp->yi, temp->ysi, temp->h, temp->w);
*** WARNING C182 IN LINE 59 OF 2048JDAPI.c: pointer to different objects
  60   2          break;
  61   2        case 5:
  62   2      
  63   2          huizhihuizhi(huanchonghong, temp->xi, temp->yi, temp->ysi, temp->h, temp->w);
*** WARNING C182 IN LINE 63 OF 2048JDAPI.c: pointer to different objects
  64   2          break;
  65   2        case 6:
  66   2      
  67   2          huizhiqufan(huanchonglv, temp->xi, temp->yi, temp->ysi, temp->h, temp->w);
*** WARNING C182 IN LINE 67 OF 2048JDAPI.c: pointer to different objects
  68   2          break;
  69   2        case 7:
  70   2      
  71   2          huizhiqufan(huanchonghong, temp->xi, temp->yi, temp->ysi, temp->h, temp->w);
*** WARNING C182 IN LINE 71 OF 2048JDAPI.c: pointer to different objects
  72   2          break;
  73   2        }
  74   1      
  75   1      }
  76          
  77          //改变焦点样式
  78          void ggysijiaodian(ZJIAODIANS temp, uchar(*ysi)[], uchar h, uchar w)
  79          {
  80   1        temp->ysi = ysi;
  81   1        temp->h = h;
  82   1        temp->w = w;
  83   1      }
  84          
  85          //更改焦点中点
  86          void ggzongdian(ZJIAODIANS temp, char qzx, char qzy)
  87          {
  88   1        temp->qzx = qzx;
  89   1        temp->qzy = qzy;
  90   1        temp->xi = temp->x + qzx;
  91   1        temp->yi = temp->y + qzy;
  92   1      }
  93          
  94          //更改焦点
  95          void ggjiaodian(ZJIAODIANS temp, char x, char y)
  96          {
  97   1        if (x >= 0 && x < MAXW)
  98   1        {
  99   2          temp->x = x;
 100   2          temp->xi = x + temp->qzx;
 101   2        }
 102   1        if (y >= 0 && y < MAXH)
C51 COMPILER V9.54   2048JDAPI                                                             12/22/2017 14:02:53 PAGE 3   

 103   1        {   
 104   2          temp->y = y;
 105   2          temp->yi = y + temp->qzy;
 106   2        }
 107   1      }
 108          
 109          //通过偏移量改变焦点
 110          void gbjiaodian(ZJIAODIANS temp, char xi, char yi)
 111          {
 112   1        if (temp->x + xi >= 0 && temp->x + xi < MAXW)
 113   1        {
 114   2          temp->x += xi;
 115   2          temp->xi += xi;
 116   2        }
 117   1        if (temp->y + yi >= 0 && temp->y + yi  < MAXH)
 118   1        {
 119   2          temp->y += yi;
 120   2          temp->yi += yi;
 121   2        }
 122   1      }
 123          //绘制前
 124          void huizhijd_ONE(ZJIAODIANS temp, uchar (*tutemplv)[], uchar (*tutemphong)[])
 125          {
 126   1        baocunquyu(temp->xi, temp->yi, tutemplv, tutemphong, temp->h, temp->w);
*** WARNING C182 IN LINE 126 OF 2048JDAPI.c: pointer to different objects
*** WARNING C182 IN LINE 126 OF 2048JDAPI.c: pointer to different objects
 127   1      
 128   1      }
 129          
 130          //绘制后
 131          void huizhijd_END(ZJIAODIANS temp, uchar(*tutemplv)[], uchar(*tutemphong)[])
 132          {
 133   1        tanchuquyu(temp->xi, temp->yi, tutemplv, tutemphong, temp->h, temp->w);
 134   1      
 135   1      }


MODULE INFORMATION:   STATIC OVERLAYABLE
   CODE SIZE        =   1355    ----
   CONSTANT SIZE    =   ----    ----
   XDATA SIZE       =     23      44
   PDATA SIZE       =   ----    ----
   DATA SIZE        =   ----    ----
   IDATA SIZE       =   ----    ----
   BIT SIZE         =   ----    ----
END OF MODULE INFORMATION.


C51 COMPILATION COMPLETE.  14 WARNING(S),  0 ERROR(S)
