C51 COMPILER V9.54   TDXRAPP                                                               12/22/2017 14:02:57 PAGE 1   


C51 COMPILER V9.54, COMPILATION OF MODULE TDXRAPP
OBJECT MODULE PLACED IN TDXRAPP.OBJ
COMPILER INVOKED BY: D:\K5\MAIN\C51\BIN\C51.EXE TDXRAPP.c LARGE OPTIMIZE(8,SPEED) BROWSE DEBUG OBJECTEXTEND TABS(2)

line level    source

   1          #include"to2048moni.h"
   2          #include"2048SJK.h"
   3          
   4          
   5          uchar TD_1[] = { 0x18, 0x24, 0x18, 0x3C, 0x5A, 0xA5, 0x24, 0x24 };//拖动1
   6          uchar TD_2[] = { 0x58, 0x64, 0x58, 0x3C, 0x1A, 0x25, 0x24, 0x24 };//拖动2
   7          uchar TD_3[] = { 0x58, 0x64, 0x58, 0x3C, 0x1C, 0x1C, 0x18, 0x18 };//拖动3
   8          
   9          
  10          HUAKUAI xr = { 27, 27, 35, 35, 27, 27, 35, 35, TD_1, SE_LVTOU, TD_2, SE_LVTOU, TD_3, SE_LVTOU, 8, 1, 1};//
             -滑块结构
  11          
  12          //拖动底层绘制
  13          void tuodongappdc()
  14          {
  15   1          shuaping(SE_HEI);
  16   1        kjhuakuai(&xr, NOP, NOP, NOP);
  17   1        fuweizhuangtaibiao();
  18   1          dalogo();
  19   1          tuichujian(NOP, NOP, NOP, NOP);
  20   1          tongbujiemian(J_Z);
  21   1      }
  22          
  23          //拖动消息处理层
  24          char yucey[] = { 0, 1, 0, -1, 0 };
  25          char yucex[] = { 0, 0, -1, 0, 1 };
  26          void tuodongappzc(uchar xiaoxi, char x, char y)
  27          {
  28   1        if(S5)
  29   1        {
  30   2        kjhuakuai(&xr, 7, x, y);
  31   2        }
  32   1      
  33   1        if ((xr.xz != 3) || gjjuxingjiance(x + yucex[xiaoxi], y + yucey[xiaoxi], 8, 0, 61, 48))
  34   1        {
  35   2        if (xiaoxi == 6 && gjjuxingjiance(x,y,xr.w,xr.n,xr.e,xr.s))
  36   2        ggjiaodian(&JDA_Z, xr.e - 2, xr.n - 2);
  37   2        
  38   2        kjhuakuai(&xr, xiaoxi, x, y);
  39   2        morenchuli(xiaoxi);
  40   2        }
  41   1        tuichujian(xiaoxi, x, y, 1);
  42   1      
  43   1      
  44   1      }


MODULE INFORMATION:   STATIC OVERLAYABLE
   CODE SIZE        =    285    ----
   CONSTANT SIZE    =   ----    ----
   XDATA SIZE       =     57       3
   PDATA SIZE       =   ----    ----
   DATA SIZE        =   ----    ----
   IDATA SIZE       =   ----    ----
   BIT SIZE         =   ----    ----
C51 COMPILER V9.54   TDXRAPP                                                               12/22/2017 14:02:57 PAGE 2   

END OF MODULE INFORMATION.


C51 COMPILATION COMPLETE.  0 WARNING(S),  0 ERROR(S)
